
> angular@0.0.0 start
> ng serve --host 0.0.0.0  --no-hmr --disable-host-check --port 3000

Warning: Running a server with --disable-host-check is a security risk. See https://medium.com/webpack/webpack-dev-server-middleware-security-issues-1489d950874a for more information.
The "disableHostCheck" option will not be used because it is not supported by the "@angular-devkit/build-angular:application" builder.
❯ Building...
✔ Building...
Browser bundles     
Initial chunk files  | Names            |  Raw size
polyfills.js         | polyfills        |  90.20 kB | 
main.js              | main             |  22.59 kB | 
styles.css           | styles           |  95 bytes | 

                     | Initial total    | 112.88 kB


Server bundles      
Initial chunk files  | Names            |  Raw size
polyfills.server.mjs | polyfills.server | 572.91 kB | 
chunk-6XEG6CM6.mjs   | -                |  23.02 kB | 
server.mjs           | server           |   1.39 kB | 
main.server.mjs      | main.server      | 800 bytes | 

Application bundle generation complete. [11.689 seconds]

Watch mode enabled. Watching for file changes...
NOTE: Raw file sizes do not reflect development server per-request transformations.
  ➜  Local:   http://localhost:3000/
  ➜  Network: http://172.17.0.2:3000/
❯ Changes detected. Rebuilding...
✔ Changes detected. Rebuilding...
Application bundle generation failed. [5.171 seconds]

▲ [WARNING] TS-998113: NutriTrackMainComponent is not used within the template of AppComponent [plugin angular-compiler]

    src/app/app.component.ts:7:26:
      7 │   imports: [RouterOutlet, NutriTrackMainComponent],
        ╵                           ~~~~~~~~~~~~~~~~~~~~~~~


▲ [WARNING] NG8103: The `*ngFor` directive was used in the template, but neither the `NgFor` directive nor the `CommonModule` was imported. Use Angular's built-in control flow @for or make sure that either the `NgFor` directive or the `CommonModule` is included in the `@Component.imports` array of this component. [plugin angular-compiler]

    src/app/nutritrack-main/nutritrack-main.component.html:60:11:
      60 │           *ngFor="let ing of filteredIngredients"
         ╵            ~~~~~

  Error occurs in the template of component NutriTrackMainComponent.

    src/app/nutritrack-main/nutritrack-main.component.ts:30:15:
      30 │   templateUrl: './nutritrack-main.component.html',
         ╵                ~~~~~~~~~~~~~~~~~~~~~~~~~~~~~~~~~~


▲ [WARNING] NG8103: The `*ngIf` directive was used in the template, but neither the `NgIf` directive nor the `CommonModule` was imported. Use Angular's built-in control flow @if or make sure that either the `NgIf` directive or the `CommonModule` is included in the `@Component.imports` array of this component. [plugin angular-compiler]

    src/app/nutritrack-main/nutritrack-main.component.html:71:35:
      71 │     <div class="ingredient-chips" *ngIf="selectedIngredients.length">
         ╵                                    ~~~~

  Error occurs in the template of component NutriTrackMainComponent.

    src/app/nutritrack-main/nutritrack-main.component.ts:30:15:
      30 │   templateUrl: './nutritrack-main.component.html',
         ╵                ~~~~~~~~~~~~~~~~~~~~~~~~~~~~~~~~~~


▲ [WARNING] NG8103: The `*ngFor` directive was used in the template, but neither the `NgFor` directive nor the `CommonModule` was imported. Use Angular's built-in control flow @for or make sure that either the `NgFor` directive or the `CommonModule` is included in the `@Component.imports` array of this component. [plugin angular-compiler]

    src/app/nutritrack-main/nutritrack-main.component.html:72:26:
      72 │       <span class="chip" *ngFor="let ing of selectedIngredients">
         ╵                           ~~~~~

  Error occurs in the template of component NutriTrackMainComponent.

    src/app/nutritrack-main/nutritrack-main.component.ts:30:15:
      30 │   templateUrl: './nutritrack-main.component.html',
         ╵                ~~~~~~~~~~~~~~~~~~~~~~~~~~~~~~~~~~


▲ [WARNING] NG8103: The `*ngIf` directive was used in the template, but neither the `NgIf` directive nor the `CommonModule` was imported. Use Angular's built-in control flow @if or make sure that either the `NgIf` directive or the `CommonModule` is included in the `@Component.imports` array of this component. [plugin angular-compiler]

    src/app/nutritrack-main/nutritrack-main.component.html:90:10:
      90 │     <div *ngIf="!mealsForPeriod.length" class="empty-state">
         ╵           ~~~~

  Error occurs in the template of component NutriTrackMainComponent.

    src/app/nutritrack-main/nutritrack-main.component.ts:30:15:
      30 │   templateUrl: './nutritrack-main.component.html',
         ╵                ~~~~~~~~~~~~~~~~~~~~~~~~~~~~~~~~~~


▲ [WARNING] NG8103: The `*ngFor` directive was used in the template, but neither the `NgFor` directive nor the `CommonModule` was imported. Use Angular's built-in control flow @for or make sure that either the `NgFor` directive or the `CommonModule` is included in the `@Component.imports` array of this component. [plugin angular-compiler]

    src/app/nutritrack-main/nutritrack-main.component.html:93:10:
      93 │     <div *ngFor="let meal of mealsForPeriod; let i = index" class=...
         ╵           ~~~~~

  Error occurs in the template of component NutriTrackMainComponent.

    src/app/nutritrack-main/nutritrack-main.component.ts:30:15:
      30 │   templateUrl: './nutritrack-main.component.html',
         ╵                ~~~~~~~~~~~~~~~~~~~~~~~~~~~~~~~~~~


▲ [WARNING] NG8103: The `*ngFor` directive was used in the template, but neither the `NgFor` directive nor the `CommonModule` was imported. Use Angular's built-in control flow @for or make sure that either the `NgFor` directive or the `CommonModule` is included in the `@Component.imports` array of this component. [plugin angular-compiler]

    src/app/nutritrack-main/nutritrack-main.component.html:102:15:
      102 │         <span *ngFor="let ing of meal.ingredients" class="ingredi...
          ╵                ~~~~~

  Error occurs in the template of component NutriTrackMainComponent.

    src/app/nutritrack-main/nutritrack-main.component.ts:30:15:
      30 │   templateUrl: './nutritrack-main.component.html',
         ╵                ~~~~~~~~~~~~~~~~~~~~~~~~~~~~~~~~~~


✘ [ERROR] NG9: Property 'title' does not exist on type 'AppComponent'. [plugin angular-compiler]

    src/app/app.component.html:228:20:
      228 │       <h1>Hello, {{ title }}</h1>
          ╵                     ~~~~~

  Error occurs in the template of component AppComponent.

    src/app/app.component.ts:8:15:
      8 │   templateUrl: './app.component.html',
        ╵                ~~~~~~~~~~~~~~~~~~~~~~


✘ [ERROR] NG8004: No pipe found with name 'number'. [plugin angular-compiler]

    src/app/nutritrack-main/nutritrack-main.component.html:35:49:
      35 │ ...span class="card-value">{{ totalProtein | number:'1.0-1' }}</span>
         ╵                                              ~~~~~~

  Error occurs in the template of component NutriTrackMainComponent.

    src/app/nutritrack-main/nutritrack-main.component.ts:30:15:
      30 │   templateUrl: './nutritrack-main.component.html',
         ╵                ~~~~~~~~~~~~~~~~~~~~~~~~~~~~~~~~~~


✘ [ERROR] NG8004: No pipe found with name 'date'. [plugin angular-compiler]

    src/app/nutritrack-main/nutritrack-main.component.html:97:25:
      97 │           {{ meal.date | date: timeView === 'day' ? 'mediumTime' :...
         ╵                          ~~~~

  Error occurs in the template of component NutriTrackMainComponent.

    src/app/nutritrack-main/nutritrack-main.component.ts:30:15:
      30 │   templateUrl: './nutritrack-main.component.html',
         ╵                ~~~~~~~~~~~~~~~~~~~~~~~~~~~~~~~~~~


✘ [ERROR] NG8004: No pipe found with name 'number'. [plugin angular-compiler]

    src/app/nutritrack-main/nutritrack-main.component.html:111:42:
      111 │ ...<span>{{ getMealProtein(meal) | number:'1.0-1' }}g protein</span>
          ╵                                    ~~~~~~

  Error occurs in the template of component NutriTrackMainComponent.

    src/app/nutritrack-main/nutritrack-main.component.ts:30:15:
      30 │   templateUrl: './nutritrack-main.component.html',
         ╵                ~~~~~~~~~~~~~~~~~~~~~~~~~~~~~~~~~~


❯ Changes detected. Rebuilding...
✔ Changes detected. Rebuilding...
Application bundle generation failed. [3.237 seconds]

▲ [WARNING] TS-998113: RouterOutlet is not used within the template of AppComponent [plugin angular-compiler]

    src/app/app.component.ts:7:12:
      7 │   imports: [RouterOutlet, NutriTrackMainComponent],
        ╵             ~~~~~~~~~~~~


▲ [WARNING] NG8103: The `*ngFor` directive was used in the template, but neither the `NgFor` directive nor the `CommonModule` was imported. Use Angular's built-in control flow @for or make sure that either the `NgFor` directive or the `CommonModule` is included in the `@Component.imports` array of this component. [plugin angular-compiler]

    src/app/nutritrack-main/nutritrack-main.component.html:60:11:
      60 │           *ngFor="let ing of filteredIngredients"
         ╵            ~~~~~

  Error occurs in the template of component NutriTrackMainComponent.

    src/app/nutritrack-main/nutritrack-main.component.ts:30:15:
      30 │   templateUrl: './nutritrack-main.component.html',
         ╵                ~~~~~~~~~~~~~~~~~~~~~~~~~~~~~~~~~~


▲ [WARNING] NG8103: The `*ngIf` directive was used in the template, but neither the `NgIf` directive nor the `CommonModule` was imported. Use Angular's built-in control flow @if or make sure that either the `NgIf` directive or the `CommonModule` is included in the `@Component.imports` array of this component. [plugin angular-compiler]

    src/app/nutritrack-main/nutritrack-main.component.html:71:35:
      71 │     <div class="ingredient-chips" *ngIf="selectedIngredients.length">
         ╵                                    ~~~~

  Error occurs in the template of component NutriTrackMainComponent.

    src/app/nutritrack-main/nutritrack-main.component.ts:30:15:
      30 │   templateUrl: './nutritrack-main.component.html',
         ╵                ~~~~~~~~~~~~~~~~~~~~~~~~~~~~~~~~~~


▲ [WARNING] NG8103: The `*ngFor` directive was used in the template, but neither the `NgFor` directive nor the `CommonModule` was imported. Use Angular's built-in control flow @for or make sure that either the `NgFor` directive or the `CommonModule` is included in the `@Component.imports` array of this component. [plugin angular-compiler]

    src/app/nutritrack-main/nutritrack-main.component.html:72:26:
      72 │       <span class="chip" *ngFor="let ing of selectedIngredients">
         ╵                           ~~~~~

  Error occurs in the template of component NutriTrackMainComponent.

    src/app/nutritrack-main/nutritrack-main.component.ts:30:15:
      30 │   templateUrl: './nutritrack-main.component.html',
         ╵                ~~~~~~~~~~~~~~~~~~~~~~~~~~~~~~~~~~


▲ [WARNING] NG8103: The `*ngIf` directive was used in the template, but neither the `NgIf` directive nor the `CommonModule` was imported. Use Angular's built-in control flow @if or make sure that either the `NgIf` directive or the `CommonModule` is included in the `@Component.imports` array of this component. [plugin angular-compiler]

    src/app/nutritrack-main/nutritrack-main.component.html:90:10:
      90 │     <div *ngIf="!mealsForPeriod.length" class="empty-state">
         ╵           ~~~~

  Error occurs in the template of component NutriTrackMainComponent.

    src/app/nutritrack-main/nutritrack-main.component.ts:30:15:
      30 │   templateUrl: './nutritrack-main.component.html',
         ╵                ~~~~~~~~~~~~~~~~~~~~~~~~~~~~~~~~~~


▲ [WARNING] NG8103: The `*ngFor` directive was used in the template, but neither the `NgFor` directive nor the `CommonModule` was imported. Use Angular's built-in control flow @for or make sure that either the `NgFor` directive or the `CommonModule` is included in the `@Component.imports` array of this component. [plugin angular-compiler]

    src/app/nutritrack-main/nutritrack-main.component.html:93:10:
      93 │     <div *ngFor="let meal of mealsForPeriod; let i = index" class=...
         ╵           ~~~~~

  Error occurs in the template of component NutriTrackMainComponent.

    src/app/nutritrack-main/nutritrack-main.component.ts:30:15:
      30 │   templateUrl: './nutritrack-main.component.html',
         ╵                ~~~~~~~~~~~~~~~~~~~~~~~~~~~~~~~~~~


▲ [WARNING] NG8103: The `*ngFor` directive was used in the template, but neither the `NgFor` directive nor the `CommonModule` was imported. Use Angular's built-in control flow @for or make sure that either the `NgFor` directive or the `CommonModule` is included in the `@Component.imports` array of this component. [plugin angular-compiler]

    src/app/nutritrack-main/nutritrack-main.component.html:102:15:
      102 │         <span *ngFor="let ing of meal.ingredients" class="ingredi...
          ╵                ~~~~~

  Error occurs in the template of component NutriTrackMainComponent.

    src/app/nutritrack-main/nutritrack-main.component.ts:30:15:
      30 │   templateUrl: './nutritrack-main.component.html',
         ╵                ~~~~~~~~~~~~~~~~~~~~~~~~~~~~~~~~~~


✘ [ERROR] NG8004: No pipe found with name 'number'. [plugin angular-compiler]

    src/app/nutritrack-main/nutritrack-main.component.html:35:49:
      35 │ ...span class="card-value">{{ totalProtein | number:'1.0-1' }}</span>
         ╵                                              ~~~~~~

  Error occurs in the template of component NutriTrackMainComponent.

    src/app/nutritrack-main/nutritrack-main.component.ts:30:15:
      30 │   templateUrl: './nutritrack-main.component.html',
         ╵                ~~~~~~~~~~~~~~~~~~~~~~~~~~~~~~~~~~


✘ [ERROR] NG8004: No pipe found with name 'date'. [plugin angular-compiler]

    src/app/nutritrack-main/nutritrack-main.component.html:97:25:
      97 │           {{ meal.date | date: timeView === 'day' ? 'mediumTime' :...
         ╵                          ~~~~

  Error occurs in the template of component NutriTrackMainComponent.

    src/app/nutritrack-main/nutritrack-main.component.ts:30:15:
      30 │   templateUrl: './nutritrack-main.component.html',
         ╵                ~~~~~~~~~~~~~~~~~~~~~~~~~~~~~~~~~~


✘ [ERROR] NG8004: No pipe found with name 'number'. [plugin angular-compiler]

    src/app/nutritrack-main/nutritrack-main.component.html:111:42:
      111 │ ...<span>{{ getMealProtein(meal) | number:'1.0-1' }}g protein</span>
          ╵                                    ~~~~~~

  Error occurs in the template of component NutriTrackMainComponent.

    src/app/nutritrack-main/nutritrack-main.component.ts:30:15:
      30 │   templateUrl: './nutritrack-main.component.html',
         ╵                ~~~~~~~~~~~~~~~~~~~~~~~~~~~~~~~~~~


❯ Changes detected. Rebuilding...
✔ Changes detected. Rebuilding...
Application bundle generation failed. [2.170 seconds]

▲ [WARNING] TS-998113: RouterOutlet is not used within the template of AppComponent [plugin angular-compiler]

    src/app/app.component.ts:7:12:
      7 │   imports: [RouterOutlet, NutriTrackMainComponent],
        ╵             ~~~~~~~~~~~~


▲ [WARNING] NG8103: The `*ngFor` directive was used in the template, but neither the `NgFor` directive nor the `CommonModule` was imported. Use Angular's built-in control flow @for or make sure that either the `NgFor` directive or the `CommonModule` is included in the `@Component.imports` array of this component. [plugin angular-compiler]

    src/app/nutritrack-main/nutritrack-main.component.html:60:11:
      60 │           *ngFor="let ing of filteredIngredients"
         ╵            ~~~~~

  Error occurs in the template of component NutriTrackMainComponent.

    src/app/nutritrack-main/nutritrack-main.component.ts:30:15:
      30 │   templateUrl: './nutritrack-main.component.html',
         ╵                ~~~~~~~~~~~~~~~~~~~~~~~~~~~~~~~~~~


▲ [WARNING] NG8103: The `*ngIf` directive was used in the template, but neither the `NgIf` directive nor the `CommonModule` was imported. Use Angular's built-in control flow @if or make sure that either the `NgIf` directive or the `CommonModule` is included in the `@Component.imports` array of this component. [plugin angular-compiler]

    src/app/nutritrack-main/nutritrack-main.component.html:71:35:
      71 │     <div class="ingredient-chips" *ngIf="selectedIngredients.length">
         ╵                                    ~~~~

  Error occurs in the template of component NutriTrackMainComponent.

    src/app/nutritrack-main/nutritrack-main.component.ts:30:15:
      30 │   templateUrl: './nutritrack-main.component.html',
         ╵                ~~~~~~~~~~~~~~~~~~~~~~~~~~~~~~~~~~


▲ [WARNING] NG8103: The `*ngFor` directive was used in the template, but neither the `NgFor` directive nor the `CommonModule` was imported. Use Angular's built-in control flow @for or make sure that either the `NgFor` directive or the `CommonModule` is included in the `@Component.imports` array of this component. [plugin angular-compiler]

    src/app/nutritrack-main/nutritrack-main.component.html:72:26:
      72 │       <span class="chip" *ngFor="let ing of selectedIngredients">
         ╵                           ~~~~~

  Error occurs in the template of component NutriTrackMainComponent.

    src/app/nutritrack-main/nutritrack-main.component.ts:30:15:
      30 │   templateUrl: './nutritrack-main.component.html',
         ╵                ~~~~~~~~~~~~~~~~~~~~~~~~~~~~~~~~~~


▲ [WARNING] NG8103: The `*ngIf` directive was used in the template, but neither the `NgIf` directive nor the `CommonModule` was imported. Use Angular's built-in control flow @if or make sure that either the `NgIf` directive or the `CommonModule` is included in the `@Component.imports` array of this component. [plugin angular-compiler]

    src/app/nutritrack-main/nutritrack-main.component.html:90:10:
      90 │     <div *ngIf="!mealsForPeriod.length" class="empty-state">
         ╵           ~~~~

  Error occurs in the template of component NutriTrackMainComponent.

    src/app/nutritrack-main/nutritrack-main.component.ts:30:15:
      30 │   templateUrl: './nutritrack-main.component.html',
         ╵                ~~~~~~~~~~~~~~~~~~~~~~~~~~~~~~~~~~


▲ [WARNING] NG8103: The `*ngFor` directive was used in the template, but neither the `NgFor` directive nor the `CommonModule` was imported. Use Angular's built-in control flow @for or make sure that either the `NgFor` directive or the `CommonModule` is included in the `@Component.imports` array of this component. [plugin angular-compiler]

    src/app/nutritrack-main/nutritrack-main.component.html:93:10:
      93 │     <div *ngFor="let meal of mealsForPeriod; let i = index" class=...
         ╵           ~~~~~

  Error occurs in the template of component NutriTrackMainComponent.

    src/app/nutritrack-main/nutritrack-main.component.ts:30:15:
      30 │   templateUrl: './nutritrack-main.component.html',
         ╵                ~~~~~~~~~~~~~~~~~~~~~~~~~~~~~~~~~~


▲ [WARNING] NG8103: The `*ngFor` directive was used in the template, but neither the `NgFor` directive nor the `CommonModule` was imported. Use Angular's built-in control flow @for or make sure that either the `NgFor` directive or the `CommonModule` is included in the `@Component.imports` array of this component. [plugin angular-compiler]

    src/app/nutritrack-main/nutritrack-main.component.html:102:15:
      102 │         <span *ngFor="let ing of meal.ingredients" class="ingredi...
          ╵                ~~~~~

  Error occurs in the template of component NutriTrackMainComponent.

    src/app/nutritrack-main/nutritrack-main.component.ts:30:15:
      30 │   templateUrl: './nutritrack-main.component.html',
         ╵                ~~~~~~~~~~~~~~~~~~~~~~~~~~~~~~~~~~


✘ [ERROR] NG8004: No pipe found with name 'number'. [plugin angular-compiler]

    src/app/nutritrack-main/nutritrack-main.component.html:35:49:
      35 │ ...span class="card-value">{{ totalProtein | number:'1.0-1' }}</span>
         ╵                                              ~~~~~~

  Error occurs in the template of component NutriTrackMainComponent.

    src/app/nutritrack-main/nutritrack-main.component.ts:30:15:
      30 │   templateUrl: './nutritrack-main.component.html',
         ╵                ~~~~~~~~~~~~~~~~~~~~~~~~~~~~~~~~~~


✘ [ERROR] NG8004: No pipe found with name 'date'. [plugin angular-compiler]

    src/app/nutritrack-main/nutritrack-main.component.html:97:25:
      97 │           {{ meal.date | date: timeView === 'day' ? 'mediumTime' :...
         ╵                          ~~~~

  Error occurs in the template of component NutriTrackMainComponent.

    src/app/nutritrack-main/nutritrack-main.component.ts:30:15:
      30 │   templateUrl: './nutritrack-main.component.html',
         ╵                ~~~~~~~~~~~~~~~~~~~~~~~~~~~~~~~~~~


✘ [ERROR] NG8004: No pipe found with name 'number'. [plugin angular-compiler]

    src/app/nutritrack-main/nutritrack-main.component.html:111:42:
      111 │ ...<span>{{ getMealProtein(meal) | number:'1.0-1' }}g protein</span>
          ╵                                    ~~~~~~

  Error occurs in the template of component NutriTrackMainComponent.

    src/app/nutritrack-main/nutritrack-main.component.ts:30:15:
      30 │   templateUrl: './nutritrack-main.component.html',
         ╵                ~~~~~~~~~~~~~~~~~~~~~~~~~~~~~~~~~~


